# JRE version: OpenJDK Runtime Environment Temurin-17.0.10+7 (17.0.10+7) (build 17.0.10+7)
# Java VM: OpenJDK 64-Bit Server VM Temurin-17.0.10+7 (17.0.10+7, mixed mode, emulated-client, tiered, compressed oops, compressed class ptrs, g1 gc, windows-amd64)
GC Precious Log:
 CPUs: 12 total, 12 available
 Memory: 7528M
 Large Page Support: Disabled
 NUMA Support: Disabled
 Compressed Oops: Enabled (32-bit)
 Heap Region Size: 1M
 Heap Min Capacity: 8M
 Heap Initial Capacity: 118M
 Heap Max Capacity: 1884M
 Pre-touch: Disabled
 Parallel Workers: 10
 Concurrent Workers: 3
 Concurrent Refinement Workers: 10
 Periodic GC: Disabled
Heap:
 garbage-first heap   total 66560K, used 33439K [0x000000008a400000, 0x0000000100000000)
  region size 1024K, 2 young (2048K), 2 survivors (2048K)
 Metaspace       used 75947K, committed 76544K, reserved 1179648K
  class space    used 10641K, committed 10944K, reserved 1048576K
GC Heap History (20 events):
Event: 5.545 GC heap after
{Heap after GC invocations=14 (full 0):
 garbage-first heap   total 55296K, used 21504K [0x000000008a400000, 0x0000000100000000)
  region size 1024K, 3 young (3072K), 3 survivors (3072K)
 Metaspace       used 45331K, committed 45824K, reserved 1114112K
  class space    used 5991K, committed 6208K, reserved 1048576K
}
Event: 6.230 GC heap before
{Heap before GC invocations=14 (full 0):
 garbage-first heap   total 55296K, used 41984K [0x000000008a400000, 0x0000000100000000)
  region size 1024K, 23 young (23552K), 3 survivors (3072K)
 Metaspace       used 53376K, committed 53824K, reserved 1114112K
  class space    used 7009K, committed 7232K, reserved 1048576K
}
Event: 6.236 GC heap after
{Heap after GC invocations=15 (full 0):
 garbage-first heap   total 55296K, used 23724K [0x000000008a400000, 0x0000000100000000)
  region size 1024K, 3 young (3072K), 3 survivors (3072K)
 Metaspace       used 53376K, committed 53824K, reserved 1114112K
  class space    used 7009K, committed 7232K, reserved 1048576K
}
Event: 6.621 GC heap before
{Heap before GC invocations=15 (full 0):
 garbage-first heap   total 55296K, used 41132K [0x000000008a400000, 0x0000000100000000)
  region size 1024K, 21 young (21504K), 3 survivors (3072K)
 Metaspace       used 56523K, committed 57024K, reserved 1114112K
  class space    used 7435K, committed 7680K, reserved 1048576K
}
Event: 6.626 GC heap after
{Heap after GC invocations=16 (full 0):
 garbage-first heap   total 55296K, used 25273K [0x000000008a400000, 0x0000000100000000)
  region size 1024K, 2 young (2048K), 2 survivors (2048K)
 Metaspace       used 56523K, committed 57024K, reserved 1114112K
  class space    used 7435K, committed 7680K, reserved 1048576K
}
Event: 6.924 GC heap before
{Heap before GC invocations=16 (full 0):
 garbage-first heap   total 55296K, used 37561K [0x000000008a400000, 0x0000000100000000)
  region size 1024K, 15 young (15360K), 2 survivors (2048K)
 Metaspace       used 59850K, committed 60288K, reserved 1114112K
  class space    used 7938K, committed 8128K, reserved 1048576K
}
Event: 6.927 GC heap after
{Heap after GC invocations=17 (full 0):
 garbage-first heap   total 55296K, used 25631K [0x000000008a400000, 0x0000000100000000)
  region size 1024K, 2 young (2048K), 2 survivors (2048K)
 Metaspace       used 59850K, committed 60288K, reserved 1114112K
  class space    used 7938K, committed 8128K, reserved 1048576K
}
Event: 7.338 GC heap before
{Heap before GC invocations=18 (full 0):
 garbage-first heap   total 55296K, used 43039K [0x000000008a400000, 0x0000000100000000)
  region size 1024K, 20 young (20480K), 2 survivors (2048K)
 Metaspace       used 63796K, committed 64256K, reserved 1114112K
  class space    used 8671K, committed 8896K, reserved 1048576K
}
Event: 7.341 GC heap after
{Heap after GC invocations=19 (full 0):
 garbage-first heap   total 55296K, used 26304K [0x000000008a400000, 0x0000000100000000)
  region size 1024K, 2 young (2048K), 2 survivors (2048K)
 Metaspace       used 63796K, committed 64256K, reserved 1114112K
  class space    used 8671K, committed 8896K, reserved 1048576K
}
Event: 7.649 GC heap before
{Heap before GC invocations=19 (full 0):
 garbage-first heap   total 55296K, used 42688K [0x000000008a400000, 0x0000000100000000)
  region size 1024K, 19 young (19456K), 2 survivors (2048K)
 Metaspace       used 66663K, committed 67200K, reserved 1114112K
  class space    used 9109K, committed 9344K, reserved 1048576K
}
Event: 7.653 GC heap after
{Heap after GC invocations=20 (full 0):
 garbage-first heap   total 55296K, used 26888K [0x000000008a400000, 0x0000000100000000)
  region size 1024K, 2 young (2048K), 2 survivors (2048K)
 Metaspace       used 66663K, committed 67200K, reserved 1114112K
  class space    used 9109K, committed 9344K, reserved 1048576K
}
Event: 8.172 GC heap before
{Heap before GC invocations=21 (full 0):
 garbage-first heap   total 55296K, used 43272K [0x000000008a400000, 0x0000000100000000)
  region size 1024K, 19 young (19456K), 2 survivors (2048K)
 Metaspace       used 69571K, committed 70144K, reserved 1114112K
  class space    used 9516K, committed 9728K, reserved 1048576K
}
Event: 8.178 GC heap after
{Heap after GC invocations=22 (full 0):
 garbage-first heap   total 66560K, used 28427K [0x000000008a400000, 0x0000000100000000)
  region size 1024K, 3 young (3072K), 3 survivors (3072K)
 Metaspace       used 69571K, committed 70144K, reserved 1114112K
  class space    used 9516K, committed 9728K, reserved 1048576K
}
Event: 8.549 GC heap before
{Heap before GC invocations=22 (full 0):
 garbage-first heap   total 66560K, used 54027K [0x000000008a400000, 0x0000000100000000)
  region size 1024K, 28 young (28672K), 3 survivors (3072K)
 Metaspace       used 73357K, committed 73920K, reserved 1114112K
  class space    used 10277K, committed 10560K, reserved 1048576K
}
Event: 8.555 GC heap after
{Heap after GC invocations=23 (full 0):
 garbage-first heap   total 66560K, used 30515K [0x000000008a400000, 0x0000000100000000)
  region size 1024K, 4 young (4096K), 4 survivors (4096K)
 Metaspace       used 73357K, committed 73920K, reserved 1114112K
  class space    used 10277K, committed 10560K, reserved 1048576K
}
Event: 8.721 GC heap before
{Heap before GC invocations=23 (full 0):
 garbage-first heap   total 66560K, used 52019K [0x000000008a400000, 0x0000000100000000)
  region size 1024K, 26 young (26624K), 4 survivors (4096K)
 Metaspace       used 75160K, committed 75776K, reserved 1114112K
  class space    used 10529K, committed 10816K, reserved 1048576K
}
Event: 8.725 GC heap after
{Heap after GC invocations=24 (full 0):
 garbage-first heap   total 66560K, used 31459K [0x000000008a400000, 0x0000000100000000)
  region size 1024K, 3 young (3072K), 3 survivors (3072K)
 Metaspace       used 75160K, committed 75776K, reserved 1114112K
  class space    used 10529K, committed 10816K, reserved 1048576K
}
Event: 8.944 GC heap before
{Heap before GC invocations=24 (full 0):
 garbage-first heap   total 66560K, used 53987K [0x000000008a400000, 0x0000000100000000)
  region size 1024K, 25 young (25600K), 3 survivors (3072K)
 Metaspace       used 75913K, committed 76544K, reserved 1179648K
  class space    used 10633K, committed 10944K, reserved 1048576K
}
Event: 8.948 GC heap after
{Heap after GC invocations=25 (full 0):
 garbage-first heap   total 66560K, used 32643K [0x000000008a400000, 0x0000000100000000)
  region size 1024K, 3 young (3072K), 3 survivors (3072K)
 Metaspace       used 75913K, committed 76544K, reserved 1179648K
  class space    used 10633K, committed 10944K, reserved 1048576K
}
Event: 9.007 GC heap before
{Heap before GC invocations=25 (full 0):
 garbage-first heap   total 66560K, used 54147K [0x000000008a400000, 0x0000000100000000)
  region size 1024K, 24 young (24576K), 3 survivors (3072K)
 Metaspace       used 75947K, committed 76544K, reserved 1179648K
  class space    used 10641K, committed 10944K, reserved 1048576K
}

